Build started 6/18/2014 4:40:49 PM.
     1>Project "C:\Users\Matias\Documents\GitHub\platformer\platformer.vcxproj" on node 2 (Build target(s)).
     1>ClCompile:
         C:\Program Files (x86)\Microsoft Visual Studio 11.0\VC\bin\CL.exe /c /ZI /nologo /W3 /WX- /sdl /Od /Oy- /D _MBCS /Gm /EHsc /RTC1 /MDd /GS /fp:precise /Zc:wchar_t /Zc:forScope /Fo"Debug\\" /Fd"Debug\vc110.pdb" /Gd /TP /analyze- /errorReport:prompt Main.cpp
         Main.cpp
       Link:
         C:\Program Files (x86)\Microsoft Visual Studio 11.0\VC\bin\link.exe /ERRORREPORT:PROMPT /OUT:"C:\Users\Matias\Documents\GitHub\platformer\Debug\platformer.exe" /INCREMENTAL /NOLOGO SDL2.lib SDL2main.lib SDL2_image.lib SDL2_ttf.lib SDL2_mixer.lib kernel32.lib user32.lib gdi32.lib winspool.lib comdlg32.lib advapi32.lib shell32.lib ole32.lib oleaut32.lib uuid.lib odbc32.lib odbccp32.lib /MANIFEST /MANIFESTUAC:"level='asInvoker' uiAccess='false'" /manifest:embed /DEBUG /PDB:"C:\Users\Matias\Documents\GitHub\platformer\Debug\platformer.pdb" /SUBSYSTEM:CONSOLE /TLBID:1 /DYNAMICBASE /NXCOMPAT /IMPLIB:"C:\Users\Matias\Documents\GitHub\platformer\Debug\platformer.lib" /MACHINE:X86 Debug\Main.obj
         Debug\Animation.obj
         Debug\Music.obj
         Debug\ResourceManager.obj
         Debug\SoundEffect.obj
         Debug\Spritesheet.obj
         Debug\strutil.obj
         Debug\Texture.obj
         Debug\Timer.obj
     1>MSVCRTD.lib(cinitexe.obj) : warning LNK4098: defaultlib 'msvcrt.lib' conflicts with use of other libs; use /NODEFAULTLIB:library
         platformer.vcxproj -> C:\Users\Matias\Documents\GitHub\platformer\Debug\platformer.exe
     1>Done Building Project "C:\Users\Matias\Documents\GitHub\platformer\platformer.vcxproj" (Build target(s)).

Build succeeded.

Time Elapsed 00:00:00.84
